<?xml version="1.0" encoding="UTF-8"?>
<testsuite name="transport_simulation.MainTest" tests="1" skipped="0" failures="0" errors="0" timestamp="2021-05-30T16:04:51" hostname="envy" time="0.002">
  <properties/>
  <testcase name="testAppHasAGreeting" classname="transport_simulation.MainTest" time="0.002"/>
  <system-out><![CDATA[]]></system-out>
  <system-err><![CDATA[]]></system-err>
</testsuite>
